** [Honeybadger] Initializing Honeybadger Error Tracker for Ruby. Ship it! version=3.1.2 framework=rails level=1 pid=35535
** [Honeybadger] Entering development mode: data will not be reported. level=2 pid=35535
** [Honeybadger] Initializing Honeybadger Error Tracker for Ruby. Ship it! version=3.1.2 framework=rails level=1 pid=35561
** [Honeybadger] Entering development mode: data will not be reported. level=2 pid=35561
** [Honeybadger] Initializing Honeybadger Error Tracker for Ruby. Ship it! version=3.1.2 framework=rails level=1 pid=35579
** [Honeybadger] Entering development mode: data will not be reported. level=2 pid=35579
** [Honeybadger] Initializing Honeybadger Error Tracker for Ruby. Ship it! version=3.1.2 framework=rails level=1 pid=35601
** [Honeybadger] Entering development mode: data will not be reported. level=2 pid=35601
  [1m[35m (6.9ms)[0m  [1m[34mSELECT pg_try_advisory_lock(5277929974492897470);[0m
  [1m[36mActiveRecord::SchemaMigration Load (25.4ms)[0m  [1m[34mSELECT "schema_migrations".* FROM "schema_migrations"[0m
Migrating to CreateDelayedJobs (20170627083153)
  [1m[35m (0.3ms)[0m  [1m[35mBEGIN[0m
  [1m[35m (119.8ms)[0m  [1m[35mDROP TABLE "delayed_jobs"[0m
  [1m[35m (18.6ms)[0m  [1m[35mCREATE TABLE "delayed_jobs" ("id" serial primary key, "priority" integer DEFAULT 0 NOT NULL, "attempts" integer DEFAULT 0 NOT NULL, "handler" text NOT NULL, "last_error" text, "run_at" timestamp, "locked_at" timestamp, "failed_at" timestamp, "locked_by" character varying, "queue" character varying, "created_at" timestamp, "updated_at" timestamp)[0m
  [1m[35m (2.5ms)[0m  [1m[35mCREATE  INDEX  "delayed_jobs_priority" ON "delayed_jobs"  ("priority", "run_at")[0m
  [1m[35mSQL (1.2ms)[0m  [1m[32mINSERT INTO "schema_migrations" ("version") VALUES ($1) RETURNING "version"[0m  [["version", "20170627083153"]]
  [1m[35m (14.2ms)[0m  [1m[35mCOMMIT[0m
  [1m[36mActiveRecord::InternalMetadata Load (0.9ms)[0m  [1m[34mSELECT  "ar_internal_metadata".* FROM "ar_internal_metadata" WHERE "ar_internal_metadata"."key" = $1 LIMIT $2[0m  [["key", "environment"], ["LIMIT", 1]]
  [1m[35m (0.2ms)[0m  [1m[35mBEGIN[0m
  [1m[35m (0.4ms)[0m  [1m[35mCOMMIT[0m
  [1m[35m (0.4ms)[0m  [1m[34mSELECT pg_advisory_unlock(5277929974492897470)[0m
  [1m[36mActiveRecord::SchemaMigration Load (0.3ms)[0m  [1m[34mSELECT "schema_migrations".* FROM "schema_migrations"[0m
** [Honeybadger] Initializing Honeybadger Error Tracker for Ruby. Ship it! version=3.1.2 framework=rails level=1 pid=35856
** [Honeybadger] Entering development mode: data will not be reported. level=2 pid=35856
** [Honeybadger] Initializing Honeybadger Error Tracker for Ruby. Ship it! version=3.1.2 framework=rails level=1 pid=35874
** [Honeybadger] Entering development mode: data will not be reported. level=2 pid=35874
** [Honeybadger] Initializing Honeybadger Error Tracker for Ruby. Ship it! version=3.1.2 framework=rails level=1 pid=35899
** [Honeybadger] Entering development mode: data will not be reported. level=2 pid=35899
